c:\users\leode\source\repos\bitmem\bitmem\x64\release\vc143.pdb
c:\users\leode\source\repos\bitmem\bitmem\x64\release\stealer.obj
c:\users\leode\source\repos\bitmem\bitmem\x64\release\main.obj
c:\users\leode\source\repos\bitmem\bitmem\x64\release\gui.obj
c:\users\leode\source\repos\bitmem\bitmem\x64\release\imgui_widgets.obj
c:\users\leode\source\repos\bitmem\bitmem\x64\release\imgui_tables.obj
c:\users\leode\source\repos\bitmem\bitmem\x64\release\imgui_impl_win32.obj
c:\users\leode\source\repos\bitmem\bitmem\x64\release\imgui_impl_dx9.obj
c:\users\leode\source\repos\bitmem\bitmem\x64\release\imgui_draw.obj
c:\users\leode\source\repos\bitmem\bitmem\x64\release\imgui_demo.obj
c:\users\leode\source\repos\bitmem\bitmem\x64\release\imgui.obj
c:\users\leode\source\repos\bitmem\x64\release\bitmem.exe
c:\users\leode\source\repos\bitmem\x64\release\bitmem.pdb
c:\users\leode\source\repos\bitmem\bitmem\x64\release\bitmem.ipdb
c:\users\leode\source\repos\bitmem\bitmem\x64\release\bitmem.iobj
c:\users\leode\source\repos\bitmem\bitmem\x64\release\bitmem.tlog\cl.command.1.tlog
c:\users\leode\source\repos\bitmem\bitmem\x64\release\bitmem.tlog\cl.items.tlog
c:\users\leode\source\repos\bitmem\bitmem\x64\release\bitmem.tlog\cl.read.1.tlog
c:\users\leode\source\repos\bitmem\bitmem\x64\release\bitmem.tlog\cl.write.1.tlog
c:\users\leode\source\repos\bitmem\bitmem\x64\release\bitmem.tlog\link.command.1.tlog
c:\users\leode\source\repos\bitmem\bitmem\x64\release\bitmem.tlog\link.read.1.tlog
c:\users\leode\source\repos\bitmem\bitmem\x64\release\bitmem.tlog\link.secondary.1.tlog
c:\users\leode\source\repos\bitmem\bitmem\x64\release\bitmem.tlog\link.write.1.tlog
